[18-Nov-2019 01:06:10 PRC] PHP Fatal error:  Maximum execution time of 30 seconds exceeded in F:\zufang\www.fang.com\vendor\symfony\finder\Iterator\RecursiveDirectoryIterator.php on line 49
[18-Nov-2019 01:06:21 PRC] PHP Fatal error:  Maximum execution time of 30 seconds exceeded in F:\zufang\www.fang.com\vendor\symfony\finder\Iterator\RecursiveDirectoryIterator.php on line 116
[23-Nov-2019 00:44:08 PRC] PHP Fatal error:  Maximum execution time of 30 seconds exceeded in F:\zufang\www.fang.com\vendor\monolog\monolog\src\Monolog\Handler\StreamHandler.php on line 132
[23-Nov-2019 22:33:13 PRC] PHP Fatal error:  Cannot use empty array elements in arrays in F:\zufang\www.fang.com\app\Http\Requests\FangRequest.php on line 61
[23-Nov-2019 22:34:05 PRC] PHP Fatal error:  Cannot use empty array elements in arrays in F:\zufang\www.fang.com\app\Http\Requests\FangRequest.php on line 61
[23-Nov-2019 22:35:15 PRC] PHP Fatal error:  Cannot use empty array elements in arrays in F:\zufang\www.fang.com\app\Http\Requests\FangRequest.php on line 61
[24-Nov-2019 02:01:25 PRC] PHP Fatal error:  Maximum execution time of 30 seconds exceeded in F:\zufang\www.fang.com\vendor\laravel\framework\src\Illuminate\Filesystem\Filesystem.php on line 389
[24-Nov-2019 02:01:26 PRC] PHP Fatal error:  Maximum execution time of 30 seconds exceeded in F:\zufang\www.fang.com\app\Models\Traits\Btn.php on line 4
[25-Nov-2019 21:57:54 PRC] PHP Fatal error:  Cannot use Illuminate\Validation\ValidationException as ValidationException because the name is already in use in F:\zufang\www.fang.com\app\Exceptions\Handler.php on line 8
[25-Nov-2019 21:58:10 PRC] PHP Fatal error:  Cannot use Illuminate\Validation\ValidationException as ValidationException because the name is already in use in F:\zufang\www.fang.com\app\Exceptions\Handler.php on line 8
[25-Nov-2019 22:00:58 PRC] PHP Fatal error:  Cannot use Illuminate\Validation\ValidationException as ValidationException because the name is already in use in F:\zufang\www.fang.com\app\Exceptions\Handler.php on line 8
[25-Nov-2019 22:01:59 PRC] PHP Fatal error:  Cannot use Illuminate\Validation\ValidationException as ValidationException because the name is already in use in F:\zufang\www.fang.com\app\Exceptions\Handler.php on line 8
[25-Nov-2019 22:04:12 PRC] PHP Fatal error:  Cannot use Illuminate\Validation\ValidationException as ValidationException because the name is already in use in F:\zufang\www.fang.com\app\Exceptions\Handler.php on line 8
[25-Nov-2019 22:05:59 PRC] PHP Fatal error:  Cannot use Illuminate\Validation\ValidationException as ValidationException because the name is already in use in F:\zufang\www.fang.com\app\Exceptions\Handler.php on line 8
[25-Nov-2019 22:17:47 PRC] PHP Fatal error:  Cannot use Illuminate\Validation\ValidationException as ValidationException because the name is already in use in F:\zufang\www.fang.com\app\Exceptions\Handler.php on line 8
[25-Nov-2019 22:28:15 PRC] PHP Fatal error:  Cannot use Illuminate\Validation\ValidationException as ValidationException because the name is already in use in F:\zufang\www.fang.com\app\Exceptions\Handler.php on line 8
[25-Nov-2019 22:29:35 PRC] PHP Fatal error:  Cannot use Illuminate\Validation\ValidationException as ValidationException because the name is already in use in F:\zufang\www.fang.com\app\Exceptions\Handler.php on line 8
[25-Nov-2019 22:29:54 PRC] PHP Fatal error:  Cannot use Illuminate\Validation\ValidationException as ValidationException because the name is already in use in F:\zufang\www.fang.com\app\Exceptions\Handler.php on line 8
[25-Nov-2019 23:00:57 PRC] PHP Fatal error:  Cannot use Illuminate\Validation\ValidationException as ValidationException because the name is already in use in F:\zufang\www.fang.com\app\Exceptions\Handler.php on line 8
[25-Nov-2019 23:01:04 PRC] PHP Fatal error:  Cannot use Illuminate\Validation\ValidationException as ValidationException because the name is already in use in F:\zufang\www.fang.com\app\Exceptions\Handler.php on line 8
[25-Nov-2019 23:01:05 PRC] PHP Fatal error:  Cannot use Illuminate\Validation\ValidationException as ValidationException because the name is already in use in F:\zufang\www.fang.com\app\Exceptions\Handler.php on line 8
[25-Nov-2019 23:01:08 PRC] PHP Fatal error:  Cannot use Illuminate\Validation\ValidationException as ValidationException because the name is already in use in F:\zufang\www.fang.com\app\Exceptions\Handler.php on line 8
[25-Nov-2019 23:01:31 PRC] PHP Fatal error:  Cannot use Illuminate\Validation\ValidationException as ValidationException because the name is already in use in F:\zufang\www.fang.com\app\Exceptions\Handler.php on line 8
[25-Nov-2019 23:01:58 PRC] PHP Fatal error:  Cannot use Illuminate\Validation\ValidationException as ValidationException because the name is already in use in F:\zufang\www.fang.com\app\Exceptions\Handler.php on line 8
[25-Nov-2019 23:02:07 PRC] PHP Fatal error:  Cannot use Illuminate\Validation\ValidationException as ValidationException because the name is already in use in F:\zufang\www.fang.com\app\Exceptions\Handler.php on line 8
[25-Nov-2019 23:02:29 PRC] PHP Fatal error:  Cannot use Illuminate\Validation\ValidationException as ValidationException because the name is already in use in F:\zufang\www.fang.com\app\Exceptions\Handler.php on line 8
[25-Nov-2019 23:03:07 PRC] PHP Fatal error:  Cannot use Illuminate\Validation\ValidationException as ValidationException because the name is already in use in F:\zufang\www.fang.com\app\Exceptions\Handler.php on line 8
[25-Nov-2019 23:03:11 PRC] PHP Fatal error:  Cannot use Illuminate\Validation\ValidationException as ValidationException because the name is already in use in F:\zufang\www.fang.com\app\Exceptions\Handler.php on line 8
[25-Nov-2019 23:03:20 PRC] PHP Fatal error:  Cannot use Illuminate\Validation\ValidationException as ValidationException because the name is already in use in F:\zufang\www.fang.com\app\Exceptions\Handler.php on line 8
[25-Nov-2019 23:03:32 PRC] PHP Fatal error:  Cannot use Illuminate\Validation\ValidationException as ValidationException because the name is already in use in F:\zufang\www.fang.com\app\Exceptions\Handler.php on line 8
[25-Nov-2019 23:05:13 PRC] PHP Fatal error:  Cannot use Illuminate\Validation\ValidationException as ValidationException because the name is already in use in F:\zufang\www.fang.com\app\Exceptions\Handler.php on line 8
[25-Nov-2019 23:06:12 PRC] PHP Fatal error:  Cannot use Illuminate\Validation\ValidationException as ValidationException because the name is already in use in F:\zufang\www.fang.com\app\Exceptions\Handler.php on line 8
[25-Nov-2019 23:06:37 PRC] PHP Fatal error:  Cannot use Illuminate\Validation\ValidationException as ValidationException because the name is already in use in F:\zufang\www.fang.com\app\Exceptions\Handler.php on line 8
[25-Nov-2019 23:07:15 PRC] PHP Fatal error:  Cannot use Illuminate\Validation\ValidationException as ValidationException because the name is already in use in F:\zufang\www.fang.com\app\Exceptions\Handler.php on line 8
[25-Nov-2019 23:07:23 PRC] PHP Fatal error:  Cannot use Illuminate\Validation\ValidationException as ValidationException because the name is already in use in F:\zufang\www.fang.com\app\Exceptions\Handler.php on line 8
[25-Nov-2019 23:07:49 PRC] PHP Fatal error:  Cannot use Illuminate\Validation\ValidationException as ValidationException because the name is already in use in F:\zufang\www.fang.com\app\Exceptions\Handler.php on line 8
[25-Nov-2019 23:07:50 PRC] PHP Fatal error:  Cannot use Illuminate\Validation\ValidationException as ValidationException because the name is already in use in F:\zufang\www.fang.com\app\Exceptions\Handler.php on line 8
[25-Nov-2019 23:07:50 PRC] PHP Fatal error:  Cannot use Illuminate\Validation\ValidationException as ValidationException because the name is already in use in F:\zufang\www.fang.com\app\Exceptions\Handler.php on line 8
[25-Nov-2019 23:07:51 PRC] PHP Fatal error:  Cannot use Illuminate\Validation\ValidationException as ValidationException because the name is already in use in F:\zufang\www.fang.com\app\Exceptions\Handler.php on line 8
[25-Nov-2019 23:07:52 PRC] PHP Fatal error:  Cannot use Illuminate\Validation\ValidationException as ValidationException because the name is already in use in F:\zufang\www.fang.com\app\Exceptions\Handler.php on line 8
[25-Nov-2019 23:07:52 PRC] PHP Fatal error:  Cannot use Illuminate\Validation\ValidationException as ValidationException because the name is already in use in F:\zufang\www.fang.com\app\Exceptions\Handler.php on line 8
[25-Nov-2019 23:07:53 PRC] PHP Fatal error:  Cannot use Illuminate\Validation\ValidationException as ValidationException because the name is already in use in F:\zufang\www.fang.com\app\Exceptions\Handler.php on line 8
[25-Nov-2019 23:07:53 PRC] PHP Fatal error:  Cannot use Illuminate\Validation\ValidationException as ValidationException because the name is already in use in F:\zufang\www.fang.com\app\Exceptions\Handler.php on line 8
[25-Nov-2019 23:07:54 PRC] PHP Fatal error:  Cannot use Illuminate\Validation\ValidationException as ValidationException because the name is already in use in F:\zufang\www.fang.com\app\Exceptions\Handler.php on line 8
[25-Nov-2019 23:07:54 PRC] PHP Fatal error:  Cannot use Illuminate\Validation\ValidationException as ValidationException because the name is already in use in F:\zufang\www.fang.com\app\Exceptions\Handler.php on line 8
[25-Nov-2019 23:07:54 PRC] PHP Fatal error:  Cannot use Illuminate\Validation\ValidationException as ValidationException because the name is already in use in F:\zufang\www.fang.com\app\Exceptions\Handler.php on line 8
[25-Nov-2019 23:07:55 PRC] PHP Fatal error:  Cannot use Illuminate\Validation\ValidationException as ValidationException because the name is already in use in F:\zufang\www.fang.com\app\Exceptions\Handler.php on line 8
[25-Nov-2019 23:07:55 PRC] PHP Fatal error:  Cannot use Illuminate\Validation\ValidationException as ValidationException because the name is already in use in F:\zufang\www.fang.com\app\Exceptions\Handler.php on line 8
[25-Nov-2019 23:07:55 PRC] PHP Fatal error:  Cannot use Illuminate\Validation\ValidationException as ValidationException because the name is already in use in F:\zufang\www.fang.com\app\Exceptions\Handler.php on line 8
[25-Nov-2019 23:07:55 PRC] PHP Fatal error:  Cannot use Illuminate\Validation\ValidationException as ValidationException because the name is already in use in F:\zufang\www.fang.com\app\Exceptions\Handler.php on line 8
[25-Nov-2019 23:07:55 PRC] PHP Fatal error:  Cannot use Illuminate\Validation\ValidationException as ValidationException because the name is already in use in F:\zufang\www.fang.com\app\Exceptions\Handler.php on line 8
[25-Nov-2019 23:07:55 PRC] PHP Fatal error:  Cannot use Illuminate\Validation\ValidationException as ValidationException because the name is already in use in F:\zufang\www.fang.com\app\Exceptions\Handler.php on line 8
[25-Nov-2019 23:07:55 PRC] PHP Fatal error:  Cannot use Illuminate\Validation\ValidationException as ValidationException because the name is already in use in F:\zufang\www.fang.com\app\Exceptions\Handler.php on line 8
[25-Nov-2019 23:07:56 PRC] PHP Fatal error:  Cannot use Illuminate\Validation\ValidationException as ValidationException because the name is already in use in F:\zufang\www.fang.com\app\Exceptions\Handler.php on line 8
[25-Nov-2019 23:08:01 PRC] PHP Fatal error:  Cannot use Illuminate\Validation\ValidationException as ValidationException because the name is already in use in F:\zufang\www.fang.com\app\Exceptions\Handler.php on line 8
[25-Nov-2019 23:08:01 PRC] PHP Fatal error:  Cannot use Illuminate\Validation\ValidationException as ValidationException because the name is already in use in F:\zufang\www.fang.com\app\Exceptions\Handler.php on line 8
[25-Nov-2019 23:08:28 PRC] PHP Fatal error:  Cannot use Illuminate\Validation\ValidationException as ValidationException because the name is already in use in F:\zufang\www.fang.com\app\Exceptions\Handler.php on line 8
[25-Nov-2019 23:09:34 PRC] PHP Fatal error:  Cannot use Illuminate\Validation\ValidationException as ValidationException because the name is already in use in F:\zufang\www.fang.com\app\Exceptions\Handler.php on line 8
[25-Nov-2019 23:09:37 PRC] PHP Fatal error:  Cannot use Illuminate\Validation\ValidationException as ValidationException because the name is already in use in F:\zufang\www.fang.com\app\Exceptions\Handler.php on line 8
[25-Nov-2019 23:11:05 PRC] PHP Fatal error:  Cannot use Illuminate\Validation\ValidationException as ValidationException because the name is already in use in F:\zufang\www.fang.com\app\Exceptions\Handler.php on line 8
[25-Nov-2019 23:11:19 PRC] PHP Fatal error:  Cannot use Illuminate\Validation\ValidationException as ValidationException because the name is already in use in F:\zufang\www.fang.com\app\Exceptions\Handler.php on line 8
[25-Nov-2019 23:11:20 PRC] PHP Fatal error:  Cannot use Illuminate\Validation\ValidationException as ValidationException because the name is already in use in F:\zufang\www.fang.com\app\Exceptions\Handler.php on line 8
[25-Nov-2019 23:12:34 PRC] PHP Fatal error:  Cannot use Illuminate\Validation\ValidationException as ValidationException because the name is already in use in F:\zufang\www.fang.com\app\Exceptions\Handler.php on line 8
[25-Nov-2019 23:13:41 PRC] PHP Fatal error:  Cannot use Illuminate\Validation\ValidationException as ValidationException because the name is already in use in F:\zufang\www.fang.com\app\Exceptions\Handler.php on line 8
[25-Nov-2019 23:13:42 PRC] PHP Fatal error:  Cannot use Illuminate\Validation\ValidationException as ValidationException because the name is already in use in F:\zufang\www.fang.com\app\Exceptions\Handler.php on line 8
[25-Nov-2019 23:13:42 PRC] PHP Fatal error:  Cannot use Illuminate\Validation\ValidationException as ValidationException because the name is already in use in F:\zufang\www.fang.com\app\Exceptions\Handler.php on line 8
[26-Nov-2019 19:22:33 PRC] PHP Fatal error:  Cannot use empty array elements in arrays in F:\zufang\www.fang.com\config\auth.php on line 16
[26-Nov-2019 19:23:41 PRC] PHP Fatal error:  Cannot use empty array elements in arrays in F:\zufang\www.fang.com\config\auth.php on line 16
[26-Nov-2019 19:25:24 PRC] PHP Fatal error:  Cannot use empty array elements in arrays in F:\zufang\www.fang.com\config\auth.php on line 16
[26-Nov-2019 19:25:28 PRC] PHP Fatal error:  Cannot use empty array elements in arrays in F:\zufang\www.fang.com\config\auth.php on line 16
[26-Nov-2019 19:29:57 PRC] PHP Fatal error:  Cannot use empty array elements in arrays in F:\zufang\www.fang.com\config\auth.php on line 16
[26-Nov-2019 19:30:22 PRC] PHP Fatal error:  Cannot use empty array elements in arrays in F:\zufang\www.fang.com\config\auth.php on line 16
[26-Nov-2019 19:30:26 PRC] PHP Fatal error:  Cannot use empty array elements in arrays in F:\zufang\www.fang.com\config\auth.php on line 16
[26-Nov-2019 19:30:29 PRC] PHP Fatal error:  Cannot use empty array elements in arrays in F:\zufang\www.fang.com\config\auth.php on line 16
[26-Nov-2019 19:30:31 PRC] PHP Fatal error:  Cannot use empty array elements in arrays in F:\zufang\www.fang.com\config\auth.php on line 16
[26-Nov-2019 19:32:22 PRC] PHP Fatal error:  Cannot use empty array elements in arrays in F:\zufang\www.fang.com\config\auth.php on line 16
[26-Nov-2019 19:32:24 PRC] PHP Fatal error:  Cannot use empty array elements in arrays in F:\zufang\www.fang.com\config\auth.php on line 16
[26-Nov-2019 19:32:25 PRC] PHP Fatal error:  Cannot use empty array elements in arrays in F:\zufang\www.fang.com\config\auth.php on line 16
[26-Nov-2019 19:41:15 PRC] PHP Fatal error:  Trait 'App\Models\Btn' not found in F:\zufang\www.fang.com\app\Models\Apiuser.php on line 9
